# JRE version: Java(TM) SE Runtime Environment (21.0.1+12) (build 21.0.1+12-LTS-29)
# Java VM: Java HotSpot(TM) 64-Bit Server VM (21.0.1+12-LTS-29, mixed mode, sharing, tiered, compressed oops, compressed class ptrs, g1 gc, windows-amd64)
GC Precious Log:
 CardTable entry size: 512
 Card Set container configuration: InlinePtr #cards 5 size 8 Array Of Cards #cards 12 size 40 Howl #buckets 4 coarsen threshold 1843 Howl Bitmap #cards 512 size 80 coarsen threshold 460 Card regions per heap region 1 cards per card region 2048
 CPUs: 8 total, 8 available
 Memory: 7894M
 Large Page Support: Disabled
 NUMA Support: Disabled
 Compressed Oops: Enabled (32-bit)
 Heap Region Size: 1M
 Heap Min Capacity: 256M
 Heap Initial Capacity: 256M
 Heap Max Capacity: 512M
 Pre-touch: Disabled
 Parallel Workers: 8
 Concurrent Workers: 2
 Concurrent Refinement Workers: 8
 Periodic GC: Disabled
Heap:
 garbage-first heap   total 262144K, used 115824K [0x00000000e0000000, 0x0000000100000000)
  region size 1024K, 59 young (60416K), 6 survivors (6144K)
 Metaspace       used 74387K, committed 78528K, reserved 458752K
  class space    used 9829K, committed 11520K, reserved 327680K
GC Heap History (20 events):
Event: 81.916 GC heap before
{Heap before GC invocations=14 (full 0):
 garbage-first heap   total 262144K, used 205600K [0x00000000e0000000, 0x0000000100000000)
  region size 1024K, 153 young (156672K), 16 survivors (16384K)
 Metaspace       used 72870K, committed 74944K, reserved 393216K
  class space    used 10210K, committed 11264K, reserved 327680K
}
Event: 82.108 GC heap after
{Heap after GC invocations=15 (full 0):
 garbage-first heap   total 262144K, used 68258K [0x00000000e0000000, 0x0000000100000000)
  region size 1024K, 7 young (7168K), 7 survivors (7168K)
 Metaspace       used 72870K, committed 74944K, reserved 393216K
  class space    used 10210K, committed 11264K, reserved 327680K
}
Event: 116.655 GC heap before
{Heap before GC invocations=15 (full 0):
 garbage-first heap   total 262144K, used 216738K [0x00000000e0000000, 0x0000000100000000)
  region size 1024K, 153 young (156672K), 7 survivors (7168K)
 Metaspace       used 73728K, committed 75904K, reserved 393216K
  class space    used 10218K, committed 11328K, reserved 327680K
}
Event: 116.676 GC heap after
{Heap after GC invocations=16 (full 0):
 garbage-first heap   total 262144K, used 68222K [0x00000000e0000000, 0x0000000100000000)
  region size 1024K, 7 young (7168K), 7 survivors (7168K)
 Metaspace       used 73728K, committed 75904K, reserved 393216K
  class space    used 10218K, committed 11328K, reserved 327680K
}
Event: 168.041 GC heap before
{Heap before GC invocations=16 (full 0):
 garbage-first heap   total 262144K, used 216702K [0x00000000e0000000, 0x0000000100000000)
  region size 1024K, 153 young (156672K), 7 survivors (7168K)
 Metaspace       used 75032K, committed 77376K, reserved 458752K
  class space    used 10333K, committed 11520K, reserved 327680K
}
Event: 168.119 GC heap after
{Heap after GC invocations=17 (full 0):
 garbage-first heap   total 262144K, used 70455K [0x00000000e0000000, 0x0000000100000000)
  region size 1024K, 9 young (9216K), 9 survivors (9216K)
 Metaspace       used 75032K, committed 77376K, reserved 458752K
  class space    used 10333K, committed 11520K, reserved 327680K
}
Event: 335.569 GC heap before
{Heap before GC invocations=18 (full 0):
 garbage-first heap   total 262144K, used 216887K [0x00000000e0000000, 0x0000000100000000)
  region size 1024K, 153 young (156672K), 9 survivors (9216K)
 Metaspace       used 75574K, committed 77888K, reserved 458752K
  class space    used 10336K, committed 11520K, reserved 327680K
}
Event: 335.652 GC heap after
{Heap after GC invocations=19 (full 0):
 garbage-first heap   total 262144K, used 67780K [0x00000000e0000000, 0x0000000100000000)
  region size 1024K, 6 young (6144K), 6 survivors (6144K)
 Metaspace       used 75574K, committed 77888K, reserved 458752K
  class space    used 10336K, committed 11520K, reserved 327680K
}
Event: 360.326 GC heap before
{Heap before GC invocations=19 (full 0):
 garbage-first heap   total 262144K, used 217284K [0x00000000e0000000, 0x0000000100000000)
  region size 1024K, 153 young (156672K), 6 survivors (6144K)
 Metaspace       used 75760K, committed 78016K, reserved 458752K
  class space    used 10338K, committed 11520K, reserved 327680K
}
Event: 360.340 GC heap after
{Heap after GC invocations=20 (full 0):
 garbage-first heap   total 262144K, used 66493K [0x00000000e0000000, 0x0000000100000000)
  region size 1024K, 6 young (6144K), 6 survivors (6144K)
 Metaspace       used 75760K, committed 78016K, reserved 458752K
  class space    used 10338K, committed 11520K, reserved 327680K
}
Event: 365.413 GC heap before
{Heap before GC invocations=20 (full 0):
 garbage-first heap   total 262144K, used 215997K [0x00000000e0000000, 0x0000000100000000)
  region size 1024K, 153 young (156672K), 6 survivors (6144K)
 Metaspace       used 75990K, committed 78272K, reserved 458752K
  class space    used 10343K, committed 11520K, reserved 327680K
}
Event: 365.440 GC heap after
{Heap after GC invocations=21 (full 0):
 garbage-first heap   total 262144K, used 69385K [0x00000000e0000000, 0x0000000100000000)
  region size 1024K, 10 young (10240K), 10 survivors (10240K)
 Metaspace       used 75990K, committed 78272K, reserved 458752K
  class space    used 10343K, committed 11520K, reserved 327680K
}
Event: 462.626 GC heap before
{Heap before GC invocations=21 (full 0):
 garbage-first heap   total 262144K, used 214793K [0x00000000e0000000, 0x0000000100000000)
  region size 1024K, 153 young (156672K), 10 survivors (10240K)
 Metaspace       used 76175K, committed 78464K, reserved 458752K
  class space    used 10345K, committed 11520K, reserved 327680K
}
Event: 462.717 GC heap after
{Heap after GC invocations=22 (full 0):
 garbage-first heap   total 262144K, used 66638K [0x00000000e0000000, 0x0000000100000000)
  region size 1024K, 7 young (7168K), 7 survivors (7168K)
 Metaspace       used 76175K, committed 78464K, reserved 458752K
  class space    used 10345K, committed 11520K, reserved 327680K
}
Event: 484.988 GC heap before
{Heap before GC invocations=23 (full 0):
 garbage-first heap   total 262144K, used 215118K [0x00000000e0000000, 0x0000000100000000)
  region size 1024K, 153 young (156672K), 7 survivors (7168K)
 Metaspace       used 74102K, committed 78464K, reserved 458752K
  class space    used 9826K, committed 11520K, reserved 327680K
}
Event: 485.034 GC heap after
{Heap after GC invocations=24 (full 0):
 garbage-first heap   total 262144K, used 66435K [0x00000000e0000000, 0x0000000100000000)
  region size 1024K, 7 young (7168K), 7 survivors (7168K)
 Metaspace       used 74102K, committed 78464K, reserved 458752K
  class space    used 9826K, committed 11520K, reserved 327680K
}
Event: 631.734 GC heap before
{Heap before GC invocations=24 (full 0):
 garbage-first heap   total 262144K, used 214915K [0x00000000e0000000, 0x0000000100000000)
  region size 1024K, 153 young (156672K), 7 survivors (7168K)
 Metaspace       used 74364K, committed 78464K, reserved 458752K
  class space    used 9855K, committed 11520K, reserved 327680K
}
Event: 631.804 GC heap after
{Heap after GC invocations=25 (full 0):
 garbage-first heap   total 262144K, used 62499K [0x00000000e0000000, 0x0000000100000000)
  region size 1024K, 6 young (6144K), 6 survivors (6144K)
 Metaspace       used 74364K, committed 78464K, reserved 458752K
  class space    used 9855K, committed 11520K, reserved 327680K
}
Event: 656.970 GC heap before
{Heap before GC invocations=25 (full 0):
 garbage-first heap   total 262144K, used 213027K [0x00000000e0000000, 0x0000000100000000)
  region size 1024K, 153 young (156672K), 6 survivors (6144K)
 Metaspace       used 74484K, committed 78528K, reserved 458752K
  class space    used 9856K, committed 11520K, reserved 327680K
}
Event: 657.041 GC heap after
{Heap after GC invocations=26 (full 0):
 garbage-first heap   total 262144K, used 62576K [0x00000000e0000000, 0x0000000100000000)
  region size 1024K, 6 young (6144K), 6 survivors (6144K)
 Metaspace       used 74484K, committed 78528K, reserved 458752K
  class space    used 9856K, committed 11520K, reserved 327680K
}

